<?xml version="1.0" encoding="UTF-8"?>
<!-- Generated by org.testng.reporters.JUnitReportReporter -->
<testsuite hostname="Santoshs-MacBook-Air.local" name="example.Demo1" tests="6" failures="0" timestamp="2 Jun 2020 07:12:19 GMT" time="0.014" errors="0">
  <testcase name="t2" time="0.000" classname="example.Demo1"/>
  <testcase name="t4" time="0.002" classname="example.Demo1"/>
  <testcase name="t1" time="0.004" classname="example.Demo1"/>
  <testcase name="t5" time="0.003" classname="example.Demo1"/>
  <testcase name="t1" time="0.002" classname="example.Demo1"/>
  <testcase name="t1" time="0.003" classname="example.Demo1"/>
</testsuite> <!-- example.Demo1 -->
