<?xml version="1.0" encoding="UTF-8"?>
<!-- Generated by org.testng.reporters.JUnitReportReporter -->
<testsuite hostname="Santoshs-MacBook-Air.local" name="example.NewTest" tests="1" failures="0" timestamp="1 Jun 2020 11:57:27 GMT" time="7.976" errors="0">
  <testcase name="testEasy" time="7.976" classname="example.NewTest"/>
</testsuite> <!-- example.NewTest -->
