<?xml version="1.0" encoding="UTF-8"?>
<!-- Generated by org.testng.reporters.JUnitReportReporter -->
<testsuite hostname="Santoshs-MacBook-Air.local" name="example.NewTest" tests="1" failures="0" timestamp="2 Jun 2020 07:14:47 GMT" time="7.056" errors="0">
  <testcase name="testEasy" time="7.056" classname="example.NewTest"/>
</testsuite> <!-- example.NewTest -->
