<?xml version="1.0" encoding="UTF-8"?>
<!-- Generated by org.testng.reporters.JUnitReportReporter -->
<testsuite hostname="Santoshs-MacBook-Air.local" name="example.NewTest" tests="1" failures="0" timestamp="4 Jun 2020 05:02:01 GMT" time="11.267" errors="0">
  <testcase name="testEasy" time="11.267" classname="example.NewTest"/>
</testsuite> <!-- example.NewTest -->
